\BOOKMARK [0][-]{section*.2}{HALAMAN JUDUL}{}% 1
\BOOKMARK [0][-]{section*.4}{LEMBAR PENGESAHAN}{}% 2
\BOOKMARK [0][-]{section*.5}{LEMBAR PERNYATAAN ORISINALITAS}{}% 3
\BOOKMARK [0][-]{section*.6}{ABSTRAK}{}% 4
\BOOKMARK [0][-]{section*.7}{Kata Pengantar}{}% 5
\BOOKMARK [0][-]{section*.7}{DAFTAR ISI}{}% 6
\BOOKMARK [0][-]{section*.7}{DAFTAR GAMBAR}{}% 7
\BOOKMARK [0][-]{section*.7}{DAFTAR TABEL}{}% 8
\BOOKMARK [0][-]{section*.8}{DAFTAR SINGKATAN}{}% 9
\BOOKMARK [0][-]{section*.9}{DAFTAR SIMBOL}{}% 10
\BOOKMARK [0][-]{section*.10}{DAFTAR ISTILAH}{}% 11
\BOOKMARK [0][-]{section*.11}{DAFTAR LAMPIRAN}{}% 12
\BOOKMARK [0][-]{chapter.1}{1 Pendahuluan}{}% 13
\BOOKMARK [1][-]{section.1.1}{1.1 Latar Belakang}{chapter.1}% 14
\BOOKMARK [1][-]{section.1.2}{1.2 Permasalahan}{chapter.1}% 15
\BOOKMARK [2][-]{subsection.1.2.1}{1.2.1 Definisi Permasalahan}{section.1.2}% 16
\BOOKMARK [2][-]{subsection.1.2.2}{1.2.2 Batasan Permasalahan}{section.1.2}% 17
\BOOKMARK [1][-]{section.1.3}{1.3 Tujuan}{chapter.1}% 18
\BOOKMARK [1][-]{section.1.4}{1.4 Posisi Penelitian}{chapter.1}% 19
\BOOKMARK [1][-]{section.1.5}{1.5 Metodologi Penelitian}{chapter.1}% 20
\BOOKMARK [1][-]{section.1.6}{1.6 Sistematika Penulisan}{chapter.1}% 21
\BOOKMARK [0][-]{chapter.2}{2 Tinjauan Pustaka}{}% 22
\BOOKMARK [1][-]{section.2.1}{2.1 Pekerjaan Sebelumnya dan Keterkaitan}{chapter.2}% 23
\BOOKMARK [1][-]{section.2.2}{2.2 Perancangan dan Implementasi Algoritme DSP untuk IPP}{chapter.2}% 24
\BOOKMARK [0][-]{chapter.3}{3 Desain dan Simulasi}{}% 25
\BOOKMARK [1][-]{section.3.1}{3.1 Studi Literatur}{chapter.3}% 26
\BOOKMARK [1][-]{section.3.2}{3.2 Analisis}{chapter.3}% 27
\BOOKMARK [1][-]{section.3.3}{3.3 Perancangan}{chapter.3}% 28
\BOOKMARK [1][-]{section.3.4}{3.4 Pengujian}{chapter.3}% 29
\BOOKMARK [2][-]{subsection.3.4.1}{3.4.1 Kerahasiaan algoritme}{section.3.4}% 30
\BOOKMARK [2][-]{subsection.3.4.2}{3.4.2 Tingkat Ketahanan Uji}{section.3.4}% 31
\BOOKMARK [2][-]{subsection.3.4.3}{3.4.3 Tingkat Penurunan Performa}{section.3.4}% 32
\BOOKMARK [2][-]{subsection.3.4.4}{3.4.4 Tingkat Deteksi}{section.3.4}% 33
\BOOKMARK [1][-]{section.3.5}{3.5 Data Pengujian}{chapter.3}% 34
\BOOKMARK [0][-]{chapter.4}{4 Pengujian dan Analisis}{}% 35
\BOOKMARK [1][-]{section.4.1}{4.1 thesis.tex}{chapter.4}% 36
\BOOKMARK [1][-]{section.4.2}{4.2 laporan\137setting.tex}{chapter.4}% 37
\BOOKMARK [1][-]{section.4.3}{4.3 istilah.tex}{chapter.4}% 38
\BOOKMARK [1][-]{section.4.4}{4.4 hype.indonesia.tex}{chapter.4}% 39
\BOOKMARK [1][-]{section.4.5}{4.5 pustaka.tex}{chapter.4}% 40
\BOOKMARK [1][-]{section.4.6}{4.6 bab[1 - 6].tex}{chapter.4}% 41
\BOOKMARK [0][-]{chapter.5}{5 Kesimpulan dan Saran}{}% 42
\BOOKMARK [1][-]{section.5.1}{5.1 Kesimpulan}{chapter.5}% 43
\BOOKMARK [1][-]{section.5.2}{5.2 Saran}{chapter.5}% 44
\BOOKMARK [0][-]{section.5.2}{Daftar Referensi}{}% 45
\BOOKMARK [0][-]{section*.17}{LAMPIRAN}{}% 46
\BOOKMARK [0][-]{section*.18}{Lampiran 1}{}% 47
