Command line:
   protection_isim_beh.exe
     -simmode  gui
     -simrunnum  0
     -socket  3214

Wed Jun 14 08:06:45 2017


 Elaboration Time: 0.03125 sec

 Current Memory Usage: 851.755 Meg

 Total Signals          : 19
 Total Nets             : 42
 Total Signal Drivers   : 6
 Total Blocks           : 2
 Total Primitive Blocks : 2
 Total Processes        : 8
 Total Traceable Variables  : 20
 Total Scalar Nets and Variables : 142
Total Line Count : 23

 Total Simulation Time: 0.046875 sec

 Current Memory Usage: 851.755 Meg

Wed Jun 14 08:06:49 2017

