Command line:
   top_isim_beh.exe
     -simmode  gui
     -simrunnum  0
     -socket  3216

Wed Jun 14 08:06:57 2017


 Elaboration Time: 0.078125 sec

 Current Memory Usage: 851.8 Meg

 Total Signals          : 21
 Total Nets             : 51
 Total Signal Drivers   : 6
 Total Blocks           : 2
 Total Primitive Blocks : 2
 Total Processes        : 8
 Total Traceable Variables  : 22
 Total Scalar Nets and Variables : 187
Total Line Count : 360

 Total Simulation Time: 0.1875 sec

 Current Memory Usage: 379.941 Meg

Wed Jun 14 10:16:25 2017

